2014/06/19 08:20:44.819491	INFO	pid=1725 *** DEBUT DU FONCTIONNEMENT DU LOGGER ***
2014/06/19 08:20:44.819573	INFO	pid=1725 Construction de la configuration des services depuis ../config/services.conf
2014/06/19 08:20:44.820246	ERROR	pid=1725 Ne peut pas charger le fichier ../config/services.conf
2014/06/19 08:20:44.820283	FATAL	pid=1725 Impossible d'interpreter le fichier de conf ../config/services.conf
2014/06/19 08:20:44.820290	FATAL	pid=1725 Extinction du serveur ROK4
2014/06/19 08:22:35.569755	INFO	pid=1730 *** DEBUT DU FONCTIONNEMENT DU LOGGER ***
2014/06/19 08:22:35.569791	INFO	pid=1730 Construction de la configuration des services depuis ../config/services.conf
2014/06/19 08:22:35.569831	ERROR	pid=1730 Ne peut pas charger le fichier ../config/services.conf
2014/06/19 08:22:35.569841	FATAL	pid=1730 Impossible d'interpreter le fichier de conf ../config/services.conf
2014/06/19 08:22:35.569849	FATAL	pid=1730 Extinction du serveur ROK4
2014/06/19 08:27:44.056355	INFO	pid=1736 *** DEBUT DU FONCTIONNEMENT DU LOGGER ***
2014/06/19 08:27:44.056378	INFO	pid=1736 Construction de la configuration des services depuis ../config/services.conf
2014/06/19 08:27:44.056421	ERROR	pid=1736 Ne peut pas charger le fichier ../config/services.conf
2014/06/19 08:27:44.056434	FATAL	pid=1736 Impossible d'interpreter le fichier de conf ../config/services.conf
2014/06/19 08:27:44.056489	FATAL	pid=1736 Extinction du serveur ROK4
2014/06/19 08:32:51.464579	INFO	pid=1741 *** DEBUT DU FONCTIONNEMENT DU LOGGER ***
2014/06/19 08:32:51.464604	INFO	pid=1741 Construction de la configuration des services depuis ../config/services.conf
2014/06/19 08:32:51.464644	ERROR	pid=1741 Ne peut pas charger le fichier ../config/services.conf
2014/06/19 08:32:51.464656	FATAL	pid=1741 Impossible d'interpreter le fichier de conf ../config/services.conf
2014/06/19 08:32:51.464664	FATAL	pid=1741 Extinction du serveur ROK4
2014/06/19 08:44:23.702389	INFO	pid=1780 *** DEBUT DU FONCTIONNEMENT DU LOGGER ***
2014/06/19 08:44:23.702420	INFO	pid=1780 Construction de la configuration des services depuis ../config/services.conf
2014/06/19 08:44:23.702727	ERROR	pid=1780 Ne peut pas charger le fichier ../config/services.conf
2014/06/19 08:44:23.702750	FATAL	pid=1780 Impossible d'interpreter le fichier de conf ../config/services.conf
2014/06/19 08:44:23.702764	FATAL	pid=1780 Extinction du serveur ROK4
2014/06/19 08:47:46.876673	INFO	pid=1827 *** DEBUT DU FONCTIONNEMENT DU LOGGER ***
2014/06/19 08:47:46.876686	INFO	pid=1827 Construction de la configuration des services depuis ../config/services.conf
2014/06/19 08:47:46.876712	ERROR	pid=1827 Ne peut pas charger le fichier ../config/services.conf
2014/06/19 08:47:46.876720	FATAL	pid=1827 Impossible d'interpreter le fichier de conf ../config/services.conf
2014/06/19 08:47:46.876725	FATAL	pid=1827 Extinction du serveur ROK4
2014/06/19 08:50:13.160598	INFO	pid=1832 *** DEBUT DU FONCTIONNEMENT DU LOGGER ***
2014/06/19 08:50:13.160613	INFO	pid=1832 Construction de la configuration des services depuis ../config/services.conf
2014/06/19 08:50:13.160655	ERROR	pid=1832 Ne peut pas charger le fichier ../config/services.conf
2014/06/19 08:50:13.160664	FATAL	pid=1832 Impossible d'interpreter le fichier de conf ../config/services.conf
2014/06/19 08:50:13.160670	FATAL	pid=1832 Extinction du serveur ROK4
2014/06/19 08:54:24.087713	INFO	pid=1842 *** DEBUT DU FONCTIONNEMENT DU LOGGER ***
2014/06/19 08:54:24.087728	INFO	pid=1842 Construction de la configuration des services depuis /home/vagrant/rok/config/services.conf
2014/06/19 08:54:24.087741	ERROR	pid=1842 Ne peut pas charger le fichier /home/vagrant/rok/config/services.conf
2014/06/19 08:54:24.088164	FATAL	pid=1842 Impossible d'interpreter le fichier de conf /home/vagrant/rok/config/services.conf
2014/06/19 08:54:24.088170	FATAL	pid=1842 Extinction du serveur ROK4
2014/06/19 08:56:13.721056	INFO	pid=1850 *** DEBUT DU FONCTIONNEMENT DU LOGGER ***
2014/06/19 08:56:13.721070	INFO	pid=1850 Construction de la configuration des services depuis /home/vagrant/rok/config/services.conf
2014/06/19 08:56:13.721105	ERROR	pid=1850 Ne peut pas charger le fichier /home/vagrant/rok/config/services.conf
2014/06/19 08:56:13.721113	FATAL	pid=1850 Impossible d'interpreter le fichier de conf /home/vagrant/rok/config/services.conf
2014/06/19 08:56:13.721119	FATAL	pid=1850 Extinction du serveur ROK4
2014/06/19 08:57:21.334518	INFO	pid=1853 *** DEBUT DU FONCTIONNEMENT DU LOGGER ***
2014/06/19 08:57:21.334534	INFO	pid=1853 Construction de la configuration des services depuis /home/vagrant/rok/config/services.conf
2014/06/19 08:57:21.334740	ERROR	pid=1853 /home/vagrant/rok/config/services.confThe CRS [EPSG:3857] is not present in Proj4
2014/06/19 08:57:21.335183	INFO	pid=1853 CHARGEMENT DES TMS
2014/06/19 08:57:21.335201	FATAL	pid=1853 Le repertoire des TMS ../config/tileMatrixSet n'est pas accessible.
2014/06/19 08:57:21.335209	FATAL	pid=1853 Impossible de charger la conf des TileMatrix
2014/06/19 08:57:21.335214	FATAL	pid=1853 Extinction du serveur ROK4
