2014/06/19 07:04:00.638087	INFO	pid=2866 *** DEBUT DU FONCTIONNEMENT DU LOGGER ***
2014/06/19 07:04:00.638144	INFO	pid=2866 Construction de la configuration des services depuis ../config/services.conf
2014/06/19 07:04:00.638182	ERROR	pid=2866 Ne peut pas charger le fichier ../config/services.conf
2014/06/19 07:04:00.638206	FATAL	pid=2866 Impossible d'interpreter le fichier de conf ../config/services.conf
2014/06/19 07:04:00.638224	FATAL	pid=2866 Extinction du serveur ROK4
2014/06/19 07:06:35.692435	INFO	pid=2870 *** DEBUT DU FONCTIONNEMENT DU LOGGER ***
2014/06/19 07:06:35.692639	INFO	pid=2870 Construction de la configuration des services depuis ../config/services.conf
2014/06/19 07:06:35.692696	ERROR	pid=2870 Ne peut pas charger le fichier ../config/services.conf
2014/06/19 07:06:35.692714	FATAL	pid=2870 Impossible d'interpreter le fichier de conf ../config/services.conf
2014/06/19 07:06:35.692782	FATAL	pid=2870 Extinction du serveur ROK4
2014/06/19 07:52:12.412185	INFO	pid=3249 *** DEBUT DU FONCTIONNEMENT DU LOGGER ***
2014/06/19 07:52:12.412202	INFO	pid=3249 Construction de la configuration des services depuis ../config/services.conf
2014/06/19 07:52:12.412808	ERROR	pid=3249 Ne peut pas charger le fichier ../config/services.conf
2014/06/19 07:52:12.412831	FATAL	pid=3249 Impossible d'interpreter le fichier de conf ../config/services.conf
2014/06/19 07:52:12.412843	FATAL	pid=3249 Extinction du serveur ROK4
2014/06/19 07:52:38.392103	INFO	pid=3252 *** DEBUT DU FONCTIONNEMENT DU LOGGER ***
2014/06/19 07:52:38.392138	INFO	pid=3252 Construction de la configuration des services depuis ../config/services.conf
2014/06/19 07:52:38.397084	ERROR	pid=3252 Ne peut pas charger le fichier ../config/services.conf
2014/06/19 07:52:38.397931	FATAL	pid=3252 Impossible d'interpreter le fichier de conf ../config/services.conf
2014/06/19 07:52:38.397951	FATAL	pid=3252 Extinction du serveur ROK4
